[2019-06-10 17:50:10.361] [jointLog] [info] Fragment incompatibility prior below threshold.  Incompatible fragments will be ignored.
[2019-06-10 17:50:10.361] [jointLog] [info] Usage of --validateMappings implies use of minScoreFraction. Since not explicitly specified, it is being set to 0.65
[2019-06-10 17:50:10.361] [jointLog] [info] Usage of --validateMappings, without --hardFilter implies use of range factorization. rangeFactorizationBins is being set to 4
[2019-06-10 17:50:10.361] [jointLog] [info] Usage of --validateMappings implies a default consensus slack of 0.2. Setting consensusSlack to 0.2.
[2019-06-10 17:50:10.361] [jointLog] [info] parsing read library format
[2019-06-10 17:50:10.361] [jointLog] [info] There is 1 library.
[2019-06-10 17:50:10.408] [jointLog] [info] Loading Quasi index
[2019-06-10 17:50:10.423] [jointLog] [info] Loading 32-bit quasi index
[2019-06-10 17:50:13.960] [jointLog] [info] done
[2019-06-10 17:50:13.960] [jointLog] [info] Index contained 32,621 targets
[2019-06-10 17:51:43.160] [jointLog] [info] Automatically detected most likely library type as IU
[2019-06-10 19:09:54.166] [jointLog] [info] Computed 9,936 rich equivalence classes for further processing
[2019-06-10 19:09:54.166] [jointLog] [info] Counted 3,812,670 total reads in the equivalence classes 
[2019-06-10 19:09:54.176] [jointLog] [info] Number of mappings discarded because of alignment score : 412,165
[2019-06-10 19:09:54.176] [jointLog] [info] Number of fragments entirely discarded because of alignment score : 9,754,961
[2019-06-10 19:09:54.176] [jointLog] [info] Number of fragments discarded because they have only dovetail (discordant) mappings : 65,796
[2019-06-10 19:09:54.179] [jointLog] [warning] Only 3812670 fragments were mapped, but the number of burn-in fragments was set to 5000000.
The effective lengths have been computed using the observed mappings.

[2019-06-10 19:09:54.179] [jointLog] [info] Mapping rate = 4.85759%

[2019-06-10 19:09:54.179] [jointLog] [info] finished quantifyLibrary()
[2019-06-10 19:09:54.180] [jointLog] [info] Starting optimizer
[2019-06-10 19:09:54.205] [jointLog] [info] Marked 0 weighted equivalence classes as degenerate
[2019-06-10 19:09:54.210] [jointLog] [info] iteration = 0 | max rel diff. = 10233.3
[2019-06-10 19:09:54.166] [fileLog] [info] 
At end of round 0
==================
Observed 78488845 total fragments (78488845 in most recent round)

[2019-06-10 19:09:55.556] [jointLog] [info] iteration = 100 | max rel diff. = 1.13749e-08
[2019-06-10 19:09:55.579] [jointLog] [info] Finished optimizer
[2019-06-10 19:09:55.579] [jointLog] [info] writing output 

[2019-06-10 19:09:55.642] [jointLog] [warning] NOTE: Read Lib [[ /work/student/maggi-brisbin/hiseqRNAseq/March2019_APcPj/hiSeqRnd2/Atrimmed//A27_1_paired.fq, /work/student/maggi-brisbin/hiseqRNAseq/March2019_APcPj/hiSeqRnd2/Atrimmed//A27_2_paired.fq]] :

Detected a *potential* strand bias > 1% in an unstranded protocol check the file: quants2/A27_quant/lib_format_counts.json for details

