[2019-06-10 17:47:53.349] [jointLog] [info] Fragment incompatibility prior below threshold.  Incompatible fragments will be ignored.
[2019-06-10 17:47:53.349] [jointLog] [info] Usage of --validateMappings implies use of minScoreFraction. Since not explicitly specified, it is being set to 0.65
[2019-06-10 17:47:53.349] [jointLog] [info] Usage of --validateMappings, without --hardFilter implies use of range factorization. rangeFactorizationBins is being set to 4
[2019-06-10 17:47:53.349] [jointLog] [info] Usage of --validateMappings implies a default consensus slack of 0.2. Setting consensusSlack to 0.2.
[2019-06-10 17:47:53.349] [jointLog] [info] parsing read library format
[2019-06-10 17:47:53.349] [jointLog] [info] There is 1 library.
[2019-06-10 17:47:53.386] [jointLog] [info] Loading Quasi index
[2019-06-10 17:47:53.387] [jointLog] [info] Loading 32-bit quasi index
[2019-06-10 17:47:56.355] [jointLog] [info] done
[2019-06-10 17:47:56.355] [jointLog] [info] Index contained 32,621 targets
[2019-06-10 17:52:07.317] [jointLog] [info] Automatically detected most likely library type as IU
[2019-06-10 18:48:37.978] [jointLog] [info] Computed 8,618 rich equivalence classes for further processing
[2019-06-10 18:48:37.978] [jointLog] [info] Counted 1,262,776 total reads in the equivalence classes 
[2019-06-10 18:48:37.986] [jointLog] [info] Number of mappings discarded because of alignment score : 515,440
[2019-06-10 18:48:37.986] [jointLog] [info] Number of fragments entirely discarded because of alignment score : 4,360,568
[2019-06-10 18:48:37.986] [jointLog] [info] Number of fragments discarded because they have only dovetail (discordant) mappings : 43,325
[2019-06-10 18:48:37.988] [jointLog] [warning] Only 1262776 fragments were mapped, but the number of burn-in fragments was set to 5000000.
The effective lengths have been computed using the observed mappings.

[2019-06-10 18:48:37.988] [jointLog] [info] Mapping rate = 1.73339%

[2019-06-10 18:48:37.988] [jointLog] [info] finished quantifyLibrary()
[2019-06-10 18:48:37.989] [jointLog] [info] Starting optimizer
[2019-06-10 18:48:38.013] [jointLog] [info] Marked 0 weighted equivalence classes as degenerate
[2019-06-10 18:48:38.018] [jointLog] [info] iteration = 0 | max rel diff. = 3642.73
[2019-06-10 18:48:37.979] [fileLog] [info] 
At end of round 0
==================
Observed 72850246 total fragments (72850246 in most recent round)

[2019-06-10 18:48:39.098] [jointLog] [info] iteration = 100 | max rel diff. = 4.68666e-07
[2019-06-10 18:48:39.128] [jointLog] [info] Finished optimizer
[2019-06-10 18:48:39.128] [jointLog] [info] writing output 

