[2019-06-10 19:04:46.750] [jointLog] [info] Fragment incompatibility prior below threshold.  Incompatible fragments will be ignored.
[2019-06-10 19:04:46.750] [jointLog] [info] Usage of --validateMappings implies use of minScoreFraction. Since not explicitly specified, it is being set to 0.65
[2019-06-10 19:04:46.750] [jointLog] [info] Usage of --validateMappings, without --hardFilter implies use of range factorization. rangeFactorizationBins is being set to 4
[2019-06-10 19:04:46.750] [jointLog] [info] Usage of --validateMappings implies a default consensus slack of 0.2. Setting consensusSlack to 0.2.
[2019-06-10 19:04:46.750] [jointLog] [info] parsing read library format
[2019-06-10 19:04:46.750] [jointLog] [info] There is 1 library.
[2019-06-10 19:04:46.789] [jointLog] [info] Loading Quasi index
[2019-06-10 19:04:46.789] [jointLog] [info] Loading 32-bit quasi index
[2019-06-10 19:04:48.807] [jointLog] [info] done
[2019-06-10 19:04:48.807] [jointLog] [info] Index contained 32,621 targets
[2019-06-10 19:06:21.551] [jointLog] [info] Automatically detected most likely library type as IU
[2019-06-10 21:13:45.583] [jointLog] [info] Computed 13,492 rich equivalence classes for further processing
[2019-06-10 21:13:45.583] [jointLog] [info] Counted 4,826,273 total reads in the equivalence classes 
[2019-06-10 21:13:45.589] [jointLog] [info] Number of mappings discarded because of alignment score : 1,685,505
[2019-06-10 21:13:45.589] [jointLog] [info] Number of fragments entirely discarded because of alignment score : 10,064,325
[2019-06-10 21:13:45.589] [jointLog] [info] Number of fragments discarded because they have only dovetail (discordant) mappings : 92,755
[2019-06-10 21:13:45.592] [jointLog] [warning] Only 4826273 fragments were mapped, but the number of burn-in fragments was set to 5000000.
The effective lengths have been computed using the observed mappings.

[2019-06-10 21:13:45.592] [jointLog] [info] Mapping rate = 3.86953%

[2019-06-10 21:13:45.592] [jointLog] [info] finished quantifyLibrary()
[2019-06-10 21:13:45.592] [jointLog] [info] Starting optimizer
[2019-06-10 21:13:45.608] [jointLog] [info] Marked 0 weighted equivalence classes as degenerate
[2019-06-10 21:13:45.613] [jointLog] [info] iteration = 0 | max rel diff. = 12665.7
[2019-06-10 21:13:45.584] [fileLog] [info] 
At end of round 0
==================
Observed 124725007 total fragments (124725007 in most recent round)

[2019-06-10 21:13:46.767] [jointLog] [info] iteration = 100 | max rel diff. = 5.875e-08
[2019-06-10 21:13:46.781] [jointLog] [info] Finished optimizer
[2019-06-10 21:13:46.781] [jointLog] [info] writing output 

