[2019-06-10 17:49:04.591] [jointLog] [info] Fragment incompatibility prior below threshold.  Incompatible fragments will be ignored.
[2019-06-10 17:49:04.591] [jointLog] [info] Usage of --validateMappings implies use of minScoreFraction. Since not explicitly specified, it is being set to 0.65
[2019-06-10 17:49:04.591] [jointLog] [info] Usage of --validateMappings, without --hardFilter implies use of range factorization. rangeFactorizationBins is being set to 4
[2019-06-10 17:49:04.591] [jointLog] [info] Usage of --validateMappings implies a default consensus slack of 0.2. Setting consensusSlack to 0.2.
[2019-06-10 17:49:04.591] [jointLog] [info] parsing read library format
[2019-06-10 17:49:04.591] [jointLog] [info] There is 1 library.
[2019-06-10 17:49:04.645] [jointLog] [info] Loading Quasi index
[2019-06-10 17:49:04.645] [jointLog] [info] Loading 32-bit quasi index
[2019-06-10 17:49:07.616] [jointLog] [info] done
[2019-06-10 17:49:07.616] [jointLog] [info] Index contained 32,621 targets
[2019-06-10 17:51:32.185] [jointLog] [info] Automatically detected most likely library type as IU
[2019-06-10 18:54:58.667] [jointLog] [info] Computed 9,711 rich equivalence classes for further processing
[2019-06-10 18:54:58.667] [jointLog] [info] Counted 2,613,610 total reads in the equivalence classes 
[2019-06-10 18:54:58.675] [jointLog] [info] Number of mappings discarded because of alignment score : 460,400
[2019-06-10 18:54:58.675] [jointLog] [info] Number of fragments entirely discarded because of alignment score : 5,460,047
[2019-06-10 18:54:58.675] [jointLog] [info] Number of fragments discarded because they have only dovetail (discordant) mappings : 42,294
[2019-06-10 18:54:58.677] [jointLog] [warning] Only 2613610 fragments were mapped, but the number of burn-in fragments was set to 5000000.
The effective lengths have been computed using the observed mappings.

[2019-06-10 18:54:58.677] [jointLog] [info] Mapping rate = 3.28637%

[2019-06-10 18:54:58.677] [jointLog] [info] finished quantifyLibrary()
[2019-06-10 18:54:58.678] [jointLog] [info] Starting optimizer
[2019-06-10 18:54:58.702] [jointLog] [info] Marked 0 weighted equivalence classes as degenerate
[2019-06-10 18:54:58.707] [jointLog] [info] iteration = 0 | max rel diff. = 6917.08
[2019-06-10 18:54:58.667] [fileLog] [info] 
At end of round 0
==================
Observed 79528859 total fragments (79528859 in most recent round)

[2019-06-10 18:54:59.844] [jointLog] [info] iteration = 100 | max rel diff. = 2.52321e-08
[2019-06-10 18:54:59.864] [jointLog] [info] Finished optimizer
[2019-06-10 18:54:59.864] [jointLog] [info] writing output 

[2019-06-10 18:54:59.918] [jointLog] [warning] NOTE: Read Lib [[ /work/student/maggi-brisbin/hiseqRNAseq/March2019_APcPj/hiSeqRnd2/Atrimmed//A22_1_paired.fq, /work/student/maggi-brisbin/hiseqRNAseq/March2019_APcPj/hiSeqRnd2/Atrimmed//A22_2_paired.fq]] :

Detected a *potential* strand bias > 1% in an unstranded protocol check the file: quants2/A22_quant/lib_format_counts.json for details

