[2019-06-10 17:50:10.444] [jointLog] [info] Fragment incompatibility prior below threshold.  Incompatible fragments will be ignored.
[2019-06-10 17:50:10.444] [jointLog] [info] Usage of --validateMappings implies use of minScoreFraction. Since not explicitly specified, it is being set to 0.65
[2019-06-10 17:50:10.445] [jointLog] [info] Usage of --validateMappings, without --hardFilter implies use of range factorization. rangeFactorizationBins is being set to 4
[2019-06-10 17:50:10.445] [jointLog] [info] Usage of --validateMappings implies a default consensus slack of 0.2. Setting consensusSlack to 0.2.
[2019-06-10 17:50:10.445] [jointLog] [info] parsing read library format
[2019-06-10 17:50:10.445] [jointLog] [info] There is 1 library.
[2019-06-10 17:50:10.494] [jointLog] [info] Loading Quasi index
[2019-06-10 17:50:10.494] [jointLog] [info] Loading 32-bit quasi index
[2019-06-10 17:50:13.266] [jointLog] [info] done
[2019-06-10 17:50:13.266] [jointLog] [info] Index contained 32,621 targets
[2019-06-10 17:54:21.203] [jointLog] [info] Automatically detected most likely library type as IU
[2019-06-10 18:45:36.438] [jointLog] [info] Computed 9,316 rich equivalence classes for further processing
[2019-06-10 18:45:36.438] [jointLog] [info] Counted 1,111,002 total reads in the equivalence classes 
[2019-06-10 18:45:36.445] [jointLog] [info] Number of mappings discarded because of alignment score : 443,402
[2019-06-10 18:45:36.445] [jointLog] [info] Number of fragments entirely discarded because of alignment score : 7,200,522
[2019-06-10 18:45:36.445] [jointLog] [info] Number of fragments discarded because they have only dovetail (discordant) mappings : 53,124
[2019-06-10 18:45:36.447] [jointLog] [warning] Only 1111002 fragments were mapped, but the number of burn-in fragments was set to 5000000.
The effective lengths have been computed using the observed mappings.

[2019-06-10 18:45:36.447] [jointLog] [info] Mapping rate = 1.53118%

[2019-06-10 18:45:36.447] [jointLog] [info] finished quantifyLibrary()
[2019-06-10 18:45:36.448] [jointLog] [info] Starting optimizer
[2019-06-10 18:45:36.469] [jointLog] [info] Marked 0 weighted equivalence classes as degenerate
[2019-06-10 18:45:36.474] [jointLog] [info] iteration = 0 | max rel diff. = 3152.19
[2019-06-10 18:45:36.438] [fileLog] [info] 
At end of round 0
==================
Observed 72558691 total fragments (72558691 in most recent round)

[2019-06-10 18:45:37.541] [jointLog] [info] iteration = 100 | max rel diff. = 7.83496e-06
[2019-06-10 18:45:37.553] [jointLog] [info] Finished optimizer
[2019-06-10 18:45:37.553] [jointLog] [info] writing output 

