[2019-06-10 18:55:33.325] [jointLog] [info] Fragment incompatibility prior below threshold.  Incompatible fragments will be ignored.
[2019-06-10 18:55:33.325] [jointLog] [info] Usage of --validateMappings implies use of minScoreFraction. Since not explicitly specified, it is being set to 0.65
[2019-06-10 18:55:33.325] [jointLog] [info] Usage of --validateMappings, without --hardFilter implies use of range factorization. rangeFactorizationBins is being set to 4
[2019-06-10 18:55:33.325] [jointLog] [info] Usage of --validateMappings implies a default consensus slack of 0.2. Setting consensusSlack to 0.2.
[2019-06-10 18:55:33.325] [jointLog] [info] parsing read library format
[2019-06-10 18:55:33.325] [jointLog] [info] There is 1 library.
[2019-06-10 18:55:33.365] [jointLog] [info] Loading Quasi index
[2019-06-10 18:55:33.365] [jointLog] [info] Loading 32-bit quasi index
[2019-06-10 18:55:35.426] [jointLog] [info] done
[2019-06-10 18:55:35.426] [jointLog] [info] Index contained 32,621 targets
[2019-06-10 18:59:09.043] [jointLog] [info] Automatically detected most likely library type as IU
[2019-06-10 20:39:42.032] [jointLog] [info] Computed 12,283 rich equivalence classes for further processing
[2019-06-10 20:39:42.032] [jointLog] [info] Counted 1,956,825 total reads in the equivalence classes 
[2019-06-10 20:39:42.039] [jointLog] [info] Number of mappings discarded because of alignment score : 954,655
[2019-06-10 20:39:42.039] [jointLog] [info] Number of fragments entirely discarded because of alignment score : 10,307,800
[2019-06-10 20:39:42.039] [jointLog] [info] Number of fragments discarded because they have only dovetail (discordant) mappings : 28,958
[2019-06-10 20:39:42.041] [jointLog] [warning] Only 1956825 fragments were mapped, but the number of burn-in fragments was set to 5000000.
The effective lengths have been computed using the observed mappings.

[2019-06-10 20:39:42.041] [jointLog] [info] Mapping rate = 1.61665%

[2019-06-10 20:39:42.041] [jointLog] [info] finished quantifyLibrary()
[2019-06-10 20:39:42.053] [jointLog] [info] Starting optimizer
[2019-06-10 20:39:42.070] [jointLog] [info] Marked 0 weighted equivalence classes as degenerate
[2019-06-10 20:39:42.075] [jointLog] [info] iteration = 0 | max rel diff. = 5688.06
[2019-06-10 20:39:42.032] [fileLog] [info] 
At end of round 0
==================
Observed 121041843 total fragments (121041843 in most recent round)

[2019-06-10 20:39:43.305] [jointLog] [info] iteration = 100 | max rel diff. = 9.31721e-05
[2019-06-10 20:39:43.320] [jointLog] [info] Finished optimizer
[2019-06-10 20:39:43.320] [jointLog] [info] writing output 

