[2019-06-10 17:49:04.623] [jointLog] [info] Fragment incompatibility prior below threshold.  Incompatible fragments will be ignored.
[2019-06-10 17:49:04.623] [jointLog] [info] Usage of --validateMappings implies use of minScoreFraction. Since not explicitly specified, it is being set to 0.65
[2019-06-10 17:49:04.623] [jointLog] [info] Usage of --validateMappings, without --hardFilter implies use of range factorization. rangeFactorizationBins is being set to 4
[2019-06-10 17:49:04.623] [jointLog] [info] Usage of --validateMappings implies a default consensus slack of 0.2. Setting consensusSlack to 0.2.
[2019-06-10 17:49:04.623] [jointLog] [info] parsing read library format
[2019-06-10 17:49:04.623] [jointLog] [info] There is 1 library.
[2019-06-10 17:49:04.695] [jointLog] [info] Loading Quasi index
[2019-06-10 17:49:04.695] [jointLog] [info] Loading 32-bit quasi index
[2019-06-10 17:49:07.254] [jointLog] [info] done
[2019-06-10 17:49:07.254] [jointLog] [info] Index contained 32,621 targets
[2019-06-10 17:49:12.172] [jointLog] [info] Automatically detected most likely library type as IU
[2019-06-10 18:32:19.837] [jointLog] [info] Computed 33,590 rich equivalence classes for further processing
[2019-06-10 18:32:19.837] [jointLog] [info] Counted 44,115,056 total reads in the equivalence classes 
[2019-06-10 18:32:19.848] [jointLog] [info] Number of mappings discarded because of alignment score : 8,960,254
[2019-06-10 18:32:19.848] [jointLog] [info] Number of fragments entirely discarded because of alignment score : 5,123,774
[2019-06-10 18:32:19.848] [jointLog] [info] Number of fragments discarded because they have only dovetail (discordant) mappings : 837,862
[2019-06-10 18:32:19.848] [jointLog] [info] Mapping rate = 75.2962%

[2019-06-10 18:32:19.848] [jointLog] [info] finished quantifyLibrary()
[2019-06-10 18:32:19.848] [jointLog] [info] Starting optimizer
[2019-06-10 18:32:19.874] [jointLog] [info] Marked 0 weighted equivalence classes as degenerate
[2019-06-10 18:32:19.879] [jointLog] [info] iteration = 0 | max rel diff. = 7529.82
[2019-06-10 18:32:19.837] [fileLog] [info] 
At end of round 0
==================
Observed 58588701 total fragments (58588701 in most recent round)

[2019-06-10 18:32:21.172] [jointLog] [info] iteration = 100 | max rel diff. = 1.95108e-10
[2019-06-10 18:32:21.190] [jointLog] [info] Finished optimizer
[2019-06-10 18:32:21.190] [jointLog] [info] writing output 

[2019-06-10 18:32:21.247] [jointLog] [warning] NOTE: Read Lib [[ /work/student/maggi-brisbin/hiseqRNAseq/March2019_APcPj/hiSeqRnd2/CJtrimmed/erccBT2/PC3_1_paired.fq, /work/student/maggi-brisbin/hiseqRNAseq/March2019_APcPj/hiSeqRnd2/CJtrimmed/erccBT2/PC3_2_paired.fq]] :

Detected a *potential* strand bias > 1% in an unstranded protocol check the file: quants2/PC3_quant/lib_format_counts.json for details

