[2019-06-10 17:49:04.646] [jointLog] [info] Fragment incompatibility prior below threshold.  Incompatible fragments will be ignored.
[2019-06-10 17:49:04.646] [jointLog] [info] Usage of --validateMappings implies use of minScoreFraction. Since not explicitly specified, it is being set to 0.65
[2019-06-10 17:49:04.646] [jointLog] [info] Usage of --validateMappings, without --hardFilter implies use of range factorization. rangeFactorizationBins is being set to 4
[2019-06-10 17:49:04.646] [jointLog] [info] Usage of --validateMappings implies a default consensus slack of 0.2. Setting consensusSlack to 0.2.
[2019-06-10 17:49:04.646] [jointLog] [info] parsing read library format
[2019-06-10 17:49:04.647] [jointLog] [info] There is 1 library.
[2019-06-10 17:49:04.698] [jointLog] [info] Loading Quasi index
[2019-06-10 17:49:04.698] [jointLog] [info] Loading 32-bit quasi index
[2019-06-10 17:49:07.724] [jointLog] [info] done
[2019-06-10 17:49:07.724] [jointLog] [info] Index contained 32,621 targets
[2019-06-10 17:49:13.533] [jointLog] [info] Automatically detected most likely library type as IU
[2019-06-10 18:40:07.863] [jointLog] [info] Computed 35,943 rich equivalence classes for further processing
[2019-06-10 18:40:07.863] [jointLog] [info] Counted 47,698,990 total reads in the equivalence classes 
[2019-06-10 18:40:07.877] [jointLog] [info] Number of mappings discarded because of alignment score : 8,641,138
[2019-06-10 18:40:07.877] [jointLog] [info] Number of fragments entirely discarded because of alignment score : 5,724,566
[2019-06-10 18:40:07.877] [jointLog] [info] Number of fragments discarded because they have only dovetail (discordant) mappings : 665,988
[2019-06-10 18:40:07.877] [jointLog] [info] Mapping rate = 73.6589%

[2019-06-10 18:40:07.877] [jointLog] [info] finished quantifyLibrary()
[2019-06-10 18:40:07.878] [jointLog] [info] Starting optimizer
[2019-06-10 18:40:07.906] [jointLog] [info] Marked 0 weighted equivalence classes as degenerate
[2019-06-10 18:40:07.912] [jointLog] [info] iteration = 0 | max rel diff. = 5081.73
[2019-06-10 18:40:07.864] [fileLog] [info] 
At end of round 0
==================
Observed 64756595 total fragments (64756595 in most recent round)

[2019-06-10 18:40:09.366] [jointLog] [info] iteration = 100 | max rel diff. = 4.9262e-06
[2019-06-10 18:40:09.371] [jointLog] [info] Finished optimizer
[2019-06-10 18:40:09.371] [jointLog] [info] writing output 

[2019-06-10 18:40:09.433] [jointLog] [warning] NOTE: Read Lib [[ /work/student/maggi-brisbin/hiseqRNAseq/March2019_APcPj/hiSeqRnd2/CJtrimmed/erccBT2/PC2_1_paired.fq, /work/student/maggi-brisbin/hiseqRNAseq/March2019_APcPj/hiSeqRnd2/CJtrimmed/erccBT2/PC2_2_paired.fq]] :

Detected a *potential* strand bias > 1% in an unstranded protocol check the file: quants2/PC2_quant/lib_format_counts.json for details

